<?xml version="1.0" encoding="UTF-8"?>
<!-- Generated by org.testng.reporters.JUnitReportReporter -->
<testsuite hostname="LAPTOP-46IJN35K" failures="0" tests="2" name="TestCase10.Subscription" time="1.499" errors="0" timestamp="2024-02-18T15:10:50 IST" skipped="0">
  <testcase classname="TestCase10.Subscription" name="Sub" time="1.484"/>
  <testcase classname="TestCase10.Subscription" name="homePage" time="0.015"/>
</testsuite> <!-- TestCase10.Subscription -->
