<?xml version="1.0" encoding="UTF-8"?>
<!-- Generated by org.testng.reporters.JUnitReportReporter -->
<testsuite hostname="LAPTOP-46IJN35K" failures="0" tests="1" name="TestCase4.Logout" time="5.334" errors="0" timestamp="2024-02-14T22:32:32 IST" skipped="0">
  <testcase classname="TestCase4.Logout" name="Valid" time="5.334"/>
</testsuite> <!-- TestCase4.Logout -->
