<?xml version="1.0" encoding="UTF-8"?>
<!-- Generated by org.testng.reporters.JUnitReportReporter -->
<testsuite hostname="LAPTOP-46IJN35K" failures="0" tests="2" name="TestCase11.subscription_Cart" time="2.914" errors="0" timestamp="2024-02-17T20:53:05 IST" skipped="0">
  <testcase classname="TestCase11.subscription_Cart" name="homePage" time="0.026"/>
  <testcase classname="TestCase11.subscription_Cart" name="Sub" time="2.888"/>
</testsuite> <!-- TestCase11.subscription_Cart -->
