<?xml version="1.0" encoding="UTF-8"?>
<!-- Generated by org.testng.reporters.JUnitReportReporter -->
<testsuite hostname="LAPTOP-46IJN35K" failures="0" tests="6" name="TestCase23.verifyAddress" time="18.755" errors="0" timestamp="2024-02-20T22:08:46 IST" skipped="0">
  <testcase classname="TestCase23.verifyAddress" name="checkout" time="2.049"/>
  <testcase classname="TestCase23.verifyAddress" name="homePage" time="0.015"/>
  <testcase classname="TestCase23.verifyAddress" name="AddtoCart" time="7.293"/>
  <testcase classname="TestCase23.verifyAddress" name="form" time="4.925"/>
  <testcase classname="TestCase23.verifyAddress" name="signup" time="1.007"/>
  <testcase classname="TestCase23.verifyAddress" name="deleteAccount" time="3.466"/>
</testsuite> <!-- TestCase23.verifyAddress -->
