<?xml version="1.0" encoding="UTF-8"?>
<!-- Generated by org.testng.reporters.JUnitReportReporter -->
<testsuite hostname="LAPTOP-46IJN35K" failures="0" tests="5" name="TestCase15.placeOrder" time="20.761" errors="0" timestamp="2024-02-18T21:39:44 IST" skipped="0">
  <testcase classname="TestCase15.placeOrder" name="payment" time="2.346"/>
  <testcase classname="TestCase15.placeOrder" name="login" time="2.127"/>
  <testcase classname="TestCase15.placeOrder" name="form" time="8.920"/>
  <testcase classname="TestCase15.placeOrder" name="AddtoCart" time="5.382"/>
  <testcase classname="TestCase15.placeOrder" name="checkout" time="1.986"/>
</testsuite> <!-- TestCase15.placeOrder -->
