<?xml version="1.0" encoding="UTF-8"?>
<!-- Generated by org.testng.reporters.JUnitReportReporter -->
<testsuite hostname="LAPTOP-46IJN35K" failures="0" tests="2" name="TestCase19.brand" time="4.759" errors="0" timestamp="2024-02-19T21:53:12 IST" skipped="0">
  <testcase classname="TestCase19.brand" name="homePage" time="0.078"/>
  <testcase classname="TestCase19.brand" name="brands" time="4.681"/>
</testsuite> <!-- TestCase19.brand -->
