<?xml version="1.0" encoding="UTF-8"?>
<!-- Generated by org.testng.reporters.JUnitReportReporter -->
<testsuite hostname="LAPTOP-46IJN35K" failures="0" tests="1" name="TestCase22.recommendedProduct" time="6.858" errors="0" timestamp="2024-02-20T21:47:42 IST" skipped="0">
  <testcase classname="TestCase22.recommendedProduct" name="recommend" time="6.858"/>
</testsuite> <!-- TestCase22.recommendedProduct -->
