<?xml version="1.0" encoding="UTF-8"?>
<!-- Generated by org.testng.reporters.JUnitReportReporter -->
<testsuite hostname="LAPTOP-46IJN35K" failures="0" tests="5" name="TetsCase20.search_cart" time="10.773" errors="0" timestamp="2024-02-20T20:25:41 IST" skipped="0">
  <testcase classname="TetsCase20.search_cart" name="cart" time="1.412"/>
  <testcase classname="TetsCase20.search_cart" name="search" time="5.389"/>
  <testcase classname="TetsCase20.search_cart" name="homePage" time="0.024"/>
  <testcase classname="TetsCase20.search_cart" name="search_product" time="0.042"/>
  <testcase classname="TetsCase20.search_cart" name="login" time="3.906"/>
</testsuite> <!-- TetsCase20.search_cart -->
