<?xml version="1.0" encoding="UTF-8"?>
<!-- Generated by org.testng.reporters.JUnitReportReporter -->
<testsuite hostname="LAPTOP-46IJN35K" failures="0" tests="3" name="TestCase21.reviewProduct" time="5.523" errors="0" timestamp="2024-02-20T21:04:25 IST" skipped="0">
  <testcase classname="TestCase21.reviewProduct" name="productInfo" time="4.934"/>
  <testcase classname="TestCase21.reviewProduct" name="homePage" time="0.060"/>
  <testcase classname="TestCase21.reviewProduct" name="review" time="0.529"/>
</testsuite> <!-- TestCase21.reviewProduct -->
