<?xml version="1.0" encoding="UTF-8"?>
<!-- Generated by org.testng.reporters.JUnitReportReporter -->
<testsuite hostname="LAPTOP-46IJN35K" failures="0" tests="3" name="TestCase09.SearchProduct" time="5.068" errors="0" timestamp="2024-02-19T22:01:34 IST" skipped="0">
  <testcase classname="TestCase09.SearchProduct" name="search" time="4.989"/>
  <testcase classname="TestCase09.SearchProduct" name="search_product" time="0.064"/>
  <testcase classname="TestCase09.SearchProduct" name="homePage" time="0.015"/>
</testsuite> <!-- TestCase09.SearchProduct -->
