<?xml version="1.0" encoding="UTF-8"?>
<!-- Generated by org.testng.reporters.JUnitReportReporter -->
<testsuite hostname="LAPTOP-46IJN35K" failures="0" tests="3" name="TestCase1.Login" time="13.715" errors="0" timestamp="2024-02-14T20:37:24 IST" skipped="0">
  <testcase classname="TestCase1.Login" name="login" time="3.022"/>
  <testcase classname="TestCase1.Login" name="deleteAccount" time="3.126"/>
  <testcase classname="TestCase1.Login" name="form" time="7.567"/>
</testsuite> <!-- TestCase1.Login -->
