<?xml version="1.0" encoding="UTF-8"?>
<!-- Generated by org.testng.reporters.JUnitReportReporter -->
<testsuite hostname="LAPTOP-46IJN35K" failures="0" tests="2" name="TestCase12.addToCart" time="8.782" errors="0" timestamp="2024-02-17T21:48:20 IST" skipped="0">
  <testcase classname="TestCase12.addToCart" name="homePage" time="0.031"/>
  <testcase classname="TestCase12.addToCart" name="AddtoCart" time="8.751"/>
</testsuite> <!-- TestCase12.addToCart -->
