<?xml version="1.0" encoding="UTF-8"?>
<!-- Generated by org.testng.reporters.JUnitReportReporter -->
<testsuite hostname="LAPTOP-46IJN35K" failures="0" tests="2" name="TestCase6.ContactInfo" time="2.567" errors="0" timestamp="2024-02-16T13:34:23 IST" skipped="0">
  <testcase classname="TestCase6.ContactInfo" name="contactInfo" time="2.553"/>
  <testcase classname="TestCase6.ContactInfo" name="homePage" time="0.014"/>
</testsuite> <!-- TestCase6.ContactInfo -->
