<?xml version="1.0" encoding="UTF-8"?>
<!-- Generated by org.testng.reporters.JUnitReportReporter -->
<testsuite hostname="LAPTOP-46IJN35K" failures="0" tests="2" name="TestCase8.ProductPage" time="8.399" errors="0" timestamp="2024-02-16T21:30:13 IST" skipped="0">
  <testcase classname="TestCase8.ProductPage" name="homePage" time="0.015"/>
  <testcase classname="TestCase8.ProductPage" name="productInfo" time="8.384"/>
</testsuite> <!-- TestCase8.ProductPage -->
