<?xml version="1.0" encoding="UTF-8"?>
<!-- Generated by org.testng.reporters.JUnitReportReporter -->
<testsuite hostname="LAPTOP-46IJN35K" failures="0" tests="2" name="TestCase2.Valid_login" time="8.296" errors="0" timestamp="2024-02-14T21:40:38 IST" skipped="0">
  <testcase classname="TestCase2.Valid_login" name="Valid" time="4.271"/>
  <testcase classname="TestCase2.Valid_login" name="deleteAccount" time="4.025"/>
</testsuite> <!-- TestCase2.Valid_login -->
