<?xml version="1.0" encoding="UTF-8"?>
<!-- Generated by org.testng.reporters.JUnitReportReporter -->
<testsuite hostname="LAPTOP-46IJN35K" failures="0" tests="2" name="TestCase13.quantity" time="4.654" errors="0" timestamp="2024-02-17T22:16:46 IST" skipped="0">
  <testcase classname="TestCase13.quantity" name="quantity_cart" time="4.641"/>
  <testcase classname="TestCase13.quantity" name="homePage" time="0.013"/>
</testsuite> <!-- TestCase13.quantity -->
