<?xml version="1.0" encoding="UTF-8"?>
<!-- Generated by org.testng.reporters.JUnitReportReporter -->
<testsuite hostname="LAPTOP-46IJN35K" failures="0" tests="3" name="TestCase9.SearchProduct" time="4.411" errors="0" timestamp="2024-02-16T21:55:55 IST" skipped="0">
  <testcase classname="TestCase9.SearchProduct" name="search_product" time="0.065"/>
  <testcase classname="TestCase9.SearchProduct" name="search" time="4.316"/>
  <testcase classname="TestCase9.SearchProduct" name="homePage" time="0.030"/>
</testsuite> <!-- TestCase9.SearchProduct -->
