<?xml version="1.0" encoding="UTF-8"?>
<!-- Generated by org.testng.reporters.JUnitReportReporter -->
<testsuite hostname="LAPTOP-46IJN35K" failures="0" tests="2" name="TestCase10.Subscription" time="0.687" errors="0" timestamp="2024-02-17T20:18:16 IST" skipped="0">
  <testcase classname="TestCase10.Subscription" name="homePage" time="0.017"/>
  <testcase classname="TestCase10.Subscription" name="Sub" time="0.670"/>
</testsuite> <!-- TestCase10.Subscription -->
