<?xml version="1.0" encoding="UTF-8"?>
<!-- Generated by org.testng.reporters.JUnitReportReporter -->
<testsuite hostname="LAPTOP-46IJN35K" failures="0" tests="1" name="TestCase3.InvalidLogin" time="2.092" errors="0" timestamp="2024-02-14T21:59:23 IST" skipped="0">
  <testcase classname="TestCase3.InvalidLogin" name="Invalid" time="2.092"/>
</testsuite> <!-- TestCase3.InvalidLogin -->
