<?xml version="1.0" encoding="UTF-8"?>
<!-- Generated by org.testng.reporters.JUnitReportReporter -->
<testsuite hostname="LAPTOP-46IJN35K" failures="0" tests="2" name="Testcase17.remove_Cart" time="28.872" errors="0" timestamp="2024-02-19T20:41:09 IST" skipped="0">
  <testcase classname="Testcase17.remove_Cart" name="AddtoCart" time="28.854"/>
  <testcase classname="Testcase17.remove_Cart" name="homePage" time="0.018"/>
</testsuite> <!-- Testcase17.remove_Cart -->
