<?xml version="1.0" encoding="UTF-8"?>
<!-- Generated by org.testng.reporters.JUnitReportReporter -->
<testsuite hostname="LAPTOP-46IJN35K" failures="0" tests="2" name="TestCase26.scrollUp" time="0.089" errors="0" timestamp="2024-02-21T01:08:48 IST" skipped="0">
  <testcase classname="TestCase26.scrollUp" name="Sub" time="0.075"/>
  <testcase classname="TestCase26.scrollUp" name="homePage" time="0.014"/>
</testsuite> <!-- TestCase26.scrollUp -->
