<?xml version="1.0" encoding="UTF-8"?>
<!-- Generated by org.testng.reporters.JUnitReportReporter -->
<testsuite hostname="LAPTOP-46IJN35K" failures="0" tests="8" name="TestCase24.invoice" time="29.089" errors="0" timestamp="2024-02-21T00:41:00 IST" skipped="0">
  <testcase classname="TestCase24.invoice" name="payment" time="2.474"/>
  <testcase classname="TestCase24.invoice" name="AddtoCart" time="5.098"/>
  <testcase classname="TestCase24.invoice" name="homePage" time="0.017"/>
  <testcase classname="TestCase24.invoice" name="download" time="9.512"/>
  <testcase classname="TestCase24.invoice" name="checkout" time="2.672"/>
  <testcase classname="TestCase24.invoice" name="signup" time="0.966"/>
  <testcase classname="TestCase24.invoice" name="form" time="5.991"/>
  <testcase classname="TestCase24.invoice" name="deleteAccount" time="2.359"/>
</testsuite> <!-- TestCase24.invoice -->
