<?xml version="1.0" encoding="UTF-8"?>
<!-- Generated by org.testng.reporters.JUnitReportReporter -->
<testsuite hostname="LAPTOP-46IJN35K" failures="0" tests="7" name="TestCase14.placeOrder1" time="23.862" errors="0" timestamp="2024-02-18T21:27:57 IST" skipped="0">
  <testcase classname="TestCase14.placeOrder1" name="homePage" time="0.015"/>
  <testcase classname="TestCase14.placeOrder1" name="AddtoCart" time="8.951"/>
  <testcase classname="TestCase14.placeOrder1" name="checkout" time="2.444"/>
  <testcase classname="TestCase14.placeOrder1" name="signup" time="1.076"/>
  <testcase classname="TestCase14.placeOrder1" name="payment" time="2.464"/>
  <testcase classname="TestCase14.placeOrder1" name="deleteAccount" time="3.080"/>
  <testcase classname="TestCase14.placeOrder1" name="form" time="5.832"/>
</testsuite> <!-- TestCase14.placeOrder1 -->
