<?xml version="1.0" encoding="UTF-8"?>
<!-- Generated by org.testng.reporters.JUnitReportReporter -->
<testsuite hostname="LAPTOP-46IJN35K" failures="0" tests="5" name="TestCase16.loginplaceOrder" time="17.754" errors="0" timestamp="2024-02-18T21:52:59 IST" skipped="0">
  <testcase classname="TestCase16.loginplaceOrder" name="payment" time="2.507"/>
  <testcase classname="TestCase16.loginplaceOrder" name="Valid" time="4.472"/>
  <testcase classname="TestCase16.loginplaceOrder" name="checkout" time="1.936"/>
  <testcase classname="TestCase16.loginplaceOrder" name="deleteAccount" time="3.524"/>
  <testcase classname="TestCase16.loginplaceOrder" name="AddtoCart" time="5.315"/>
</testsuite> <!-- TestCase16.loginplaceOrder -->
