<?xml version="1.0" encoding="UTF-8"?>
<!-- Generated by org.testng.reporters.JUnitReportReporter -->
<testsuite hostname="LAPTOP-46IJN35K" failures="0" tests="1" name="TestCase5.Register" time="4.054" errors="0" timestamp="2024-02-15T20:07:29 IST" skipped="0">
  <testcase classname="TestCase5.Register" name="info" time="4.054"/>
</testsuite> <!-- TestCase5.Register -->
