<?xml version="1.0" encoding="UTF-8"?>
<!-- Generated by org.testng.reporters.JUnitReportReporter -->
<testsuite hostname="LAPTOP-46IJN35K" failures="0" tests="2" name="TestCase25.scrollUp" time="0.772" errors="0" timestamp="2024-02-21T01:03:24 IST" skipped="0">
  <testcase classname="TestCase25.scrollUp" name="homePage" time="0.013"/>
  <testcase classname="TestCase25.scrollUp" name="Sub" time="0.759"/>
</testsuite> <!-- TestCase25.scrollUp -->
