<?xml version="1.0" encoding="UTF-8"?>
<!-- Generated by org.testng.reporters.JUnitReportReporter -->
<testsuite hostname="LAPTOP-46IJN35K" failures="0" tests="7" name="TestCase14.placeOrder1" time="21.950" errors="0" timestamp="2024-02-20T21:59:04 IST" skipped="0">
  <testcase classname="TestCase14.placeOrder1" name="deleteAccount" time="2.706"/>
  <testcase classname="TestCase14.placeOrder1" name="form" time="4.652"/>
  <testcase classname="TestCase14.placeOrder1" name="signup" time="1.147"/>
  <testcase classname="TestCase14.placeOrder1" name="checkout" time="2.739"/>
  <testcase classname="TestCase14.placeOrder1" name="homePage" time="0.015"/>
  <testcase classname="TestCase14.placeOrder1" name="payment" time="2.539"/>
  <testcase classname="TestCase14.placeOrder1" name="AddtoCart" time="8.152"/>
</testsuite> <!-- TestCase14.placeOrder1 -->
